nohup: ignoring input
Using GPUs: [0, 1, 2, 3, 4]
Loaded checkpoint: /home/ofirg/cld_checkpoints/expr1/exp1_digits_20260127_135649.pt
Extending from 4000000 to 6000000 epochs (extra 2000000).
training starts for cuda:0...
training starts for cuda:1...
training starts for cuda:4...
training starts for cuda:2...
training starts for cuda:3...
device cuda:0 | epoch        1 | loss 0.6343 (lin: 0.5515) | train acc 0.500 (lin: 0.6000) | test acc 0.106 (lin: 0.0951)
device cuda:2 | epoch        1 | loss 0.5445 (lin: 0.5326) | train acc 0.500 (lin: 0.5000) | test acc 0.101 (lin: 0.0861)
device cuda:1 | epoch        1 | loss 0.6220 (lin: 0.3718) | train acc 0.400 (lin: 0.8000) | test acc 0.107 (lin: 0.0456)
device cuda:3 | epoch        1 | loss 0.5420 (lin: 0.4594) | train acc 0.300 (lin: 0.6000) | test acc 0.099 (lin: 0.0687)
device cuda:4 | epoch        1 | loss 0.5873 (lin: 0.5304) | train acc 0.500 (lin: 0.7000) | test acc 0.119 (lin: 0.0416)
device cuda:0 | epoch   120001 | loss 0.5363 (lin: 0.5332) | train acc 0.500 (lin: 0.6000) | test acc 0.101 (lin: 0.1052)
device cuda:2 | epoch   120001 | loss 0.6004 (lin: 0.5084) | train acc 0.500 (lin: 0.2000) | test acc 0.119 (lin: 0.0850)
device cuda:3 | epoch   120001 | loss 0.4934 (lin: 0.4663) | train acc 0.400 (lin: 0.5000) | test acc 0.102 (lin: 0.0703)
device cuda:1 | epoch   120001 | loss 0.5066 (lin: 0.4844) | train acc 0.700 (lin: 0.3000) | test acc 0.134 (lin: 0.0523)
device cuda:4 | epoch   120001 | loss 0.6651 (lin: 0.5035) | train acc 0.400 (lin: 0.2000) | test acc 0.100 (lin: 0.0445)
device cuda:2 | epoch   240001 | loss 0.6287 (lin: 0.5328) | train acc 0.500 (lin: 0.4000) | test acc 0.132 (lin: 0.0760)
device cuda:3 | epoch   240001 | loss 0.5073 (lin: 0.3659) | train acc 0.400 (lin: 0.7000) | test acc 0.123 (lin: 0.0597)
device cuda:0 | epoch   240001 | loss 0.4434 (lin: 0.4252) | train acc 0.500 (lin: 0.5000) | test acc 0.100 (lin: 0.1069)
device cuda:1 | epoch   240001 | loss 0.7627 (lin: 0.5589) | train acc 0.400 (lin: 0.4000) | test acc 0.136 (lin: 0.0461)
device cuda:4 | epoch   240001 | loss 0.5876 (lin: 0.4145) | train acc 0.400 (lin: 0.5000) | test acc 0.101 (lin: 0.0400)
device cuda:2 | epoch   360001 | loss 0.5375 (lin: 0.3950) | train acc 0.200 (lin: 0.3000) | test acc 0.116 (lin: 0.0810)
device cuda:3 | epoch   360001 | loss 0.5281 (lin: 0.5846) | train acc 0.700 (lin: 0.6000) | test acc 0.118 (lin: 0.0653)
device cuda:0 | epoch   360001 | loss 0.4274 (lin: 0.4542) | train acc 0.700 (lin: 0.2000) | test acc 0.119 (lin: 0.1109)
device cuda:1 | epoch   360001 | loss 0.4839 (lin: 0.5883) | train acc 0.700 (lin: 0.6000) | test acc 0.138 (lin: 0.0461)
device cuda:4 | epoch   360001 | loss 0.6191 (lin: 0.5375) | train acc 0.400 (lin: 0.5000) | test acc 0.112 (lin: 0.0422)
device cuda:2 | epoch   480001 | loss 0.4966 (lin: 0.4496) | train acc 0.400 (lin: 0.7000) | test acc 0.092 (lin: 0.0844)
device cuda:3 | epoch   480001 | loss 0.5903 (lin: 0.5151) | train acc 0.500 (lin: 0.4000) | test acc 0.121 (lin: 0.0658)
device cuda:0 | epoch   480001 | loss 0.5269 (lin: 0.3793) | train acc 0.400 (lin: 1.0000) | test acc 0.101 (lin: 0.1092)
device cuda:1 | epoch   480001 | loss 0.6970 (lin: 0.4244) | train acc 0.600 (lin: 0.5000) | test acc 0.129 (lin: 0.0411)
device cuda:4 | epoch   480001 | loss 0.5269 (lin: 0.5359) | train acc 0.400 (lin: 0.3000) | test acc 0.105 (lin: 0.0439)
device cuda:2 | epoch   600001 | loss 0.5616 (lin: 0.5871) | train acc 0.500 (lin: 0.4000) | test acc 0.107 (lin: 0.0850)
device cuda:3 | epoch   600001 | loss 0.5057 (lin: 0.4662) | train acc 0.800 (lin: 0.6000) | test acc 0.119 (lin: 0.0703)
device cuda:0 | epoch   600001 | loss 0.6468 (lin: 0.5878) | train acc 0.500 (lin: 0.3000) | test acc 0.102 (lin: 0.1109)
device cuda:1 | epoch   600001 | loss 0.7134 (lin: 0.3608) | train acc 0.400 (lin: 0.5000) | test acc 0.111 (lin: 0.0422)
device cuda:4 | epoch   600001 | loss 0.4809 (lin: 0.4567) | train acc 0.300 (lin: 0.3000) | test acc 0.095 (lin: 0.0394)
device cuda:2 | epoch   720001 | loss 0.6293 (lin: 0.5156) | train acc 0.200 (lin: 0.4000) | test acc 0.099 (lin: 0.0833)
device cuda:3 | epoch   720001 | loss 0.4968 (lin: 0.3977) | train acc 0.600 (lin: 0.3000) | test acc 0.118 (lin: 0.0726)
device cuda:0 | epoch   720001 | loss 0.5978 (lin: 0.5235) | train acc 0.500 (lin: 0.7000) | test acc 0.107 (lin: 0.1154)
device cuda:1 | epoch   720001 | loss 0.5754 (lin: 0.4286) | train acc 0.500 (lin: 0.6000) | test acc 0.100 (lin: 0.0450)
device cuda:4 | epoch   720001 | loss 0.6501 (lin: 0.5152) | train acc 0.300 (lin: 0.8000) | test acc 0.092 (lin: 0.0450)
device cuda:2 | epoch   840001 | loss 0.4588 (lin: 0.4486) | train acc 0.400 (lin: 0.6000) | test acc 0.104 (lin: 0.0855)
device cuda:3 | epoch   840001 | loss 0.5581 (lin: 0.4842) | train acc 0.300 (lin: 0.7000) | test acc 0.099 (lin: 0.0771)
device cuda:0 | epoch   840001 | loss 0.4946 (lin: 0.5877) | train acc 0.400 (lin: 0.5000) | test acc 0.103 (lin: 0.1047)
device cuda:1 | epoch   840001 | loss 0.5582 (lin: 0.5093) | train acc 0.200 (lin: 0.3000) | test acc 0.120 (lin: 0.0473)
device cuda:4 | epoch   840001 | loss 0.6629 (lin: 0.5519) | train acc 0.300 (lin: 0.6000) | test acc 0.093 (lin: 0.0433)
device cuda:2 | epoch   960001 | loss 0.6938 (lin: 0.5755) | train acc 0.500 (lin: 0.3000) | test acc 0.102 (lin: 0.0895)
device cuda:3 | epoch   960001 | loss 0.4792 (lin: 0.4845) | train acc 0.400 (lin: 0.5000) | test acc 0.115 (lin: 0.0793)
device cuda:0 | epoch   960001 | loss 0.5468 (lin: 0.5363) | train acc 0.300 (lin: 0.7000) | test acc 0.108 (lin: 0.1013)
device cuda:1 | epoch   960001 | loss 0.6118 (lin: 0.4450) | train acc 0.800 (lin: 0.5000) | test acc 0.115 (lin: 0.0450)
device cuda:4 | epoch   960001 | loss 0.5402 (lin: 0.5006) | train acc 0.700 (lin: 0.5000) | test acc 0.116 (lin: 0.0439)
device cuda:2 | epoch  1080001 | loss 0.4893 (lin: 0.4079) | train acc 0.400 (lin: 0.6000) | test acc 0.100 (lin: 0.0929)
device cuda:3 | epoch  1080001 | loss 0.5565 (lin: 0.5014) | train acc 0.300 (lin: 0.6000) | test acc 0.104 (lin: 0.0777)
device cuda:0 | epoch  1080001 | loss 0.4906 (lin: 0.4673) | train acc 0.500 (lin: 0.5000) | test acc 0.110 (lin: 0.0929)
device cuda:1 | epoch  1080001 | loss 0.7221 (lin: 0.4072) | train acc 0.400 (lin: 0.1000) | test acc 0.114 (lin: 0.0478)
device cuda:4 | epoch  1080001 | loss 0.6281 (lin: 0.4563) | train acc 0.300 (lin: 0.6000) | test acc 0.133 (lin: 0.0450)
device cuda:2 | epoch  1200001 | loss 0.5070 (lin: 0.4439) | train acc 0.500 (lin: 0.6000) | test acc 0.080 (lin: 0.0934)
device cuda:3 | epoch  1200001 | loss 0.6239 (lin: 0.5933) | train acc 0.400 (lin: 0.3000) | test acc 0.101 (lin: 0.0799)
device cuda:0 | epoch  1200001 | loss 0.5341 (lin: 0.4194) | train acc 0.400 (lin: 0.6000) | test acc 0.134 (lin: 0.0945)
device cuda:1 | epoch  1200001 | loss 0.6706 (lin: 0.4889) | train acc 0.400 (lin: 0.3000) | test acc 0.106 (lin: 0.0439)
device cuda:4 | epoch  1200001 | loss 0.4753 (lin: 0.5035) | train acc 0.400 (lin: 0.8000) | test acc 0.133 (lin: 0.0433)
device cuda:2 | epoch  1320001 | loss 0.5673 (lin: 0.4231) | train acc 0.400 (lin: 0.6000) | test acc 0.074 (lin: 0.1002)
device cuda:3 | epoch  1320001 | loss 0.6398 (lin: 0.5072) | train acc 0.400 (lin: 0.6000) | test acc 0.102 (lin: 0.0782)
device cuda:0 | epoch  1320001 | loss 0.5134 (lin: 0.5617) | train acc 0.300 (lin: 0.4000) | test acc 0.123 (lin: 0.0934)
device cuda:1 | epoch  1320001 | loss 0.3993 (lin: 0.3682) | train acc 0.300 (lin: 0.6000) | test acc 0.111 (lin: 0.0523)
device cuda:4 | epoch  1320001 | loss 0.6657 (lin: 0.5569) | train acc 0.500 (lin: 0.4000) | test acc 0.111 (lin: 0.0490)
device cuda:2 | epoch  1440001 | loss 0.7778 (lin: 0.4714) | train acc 0.400 (lin: 0.5000) | test acc 0.078 (lin: 0.0974)
device cuda:3 | epoch  1440001 | loss 0.6645 (lin: 0.4913) | train acc 0.200 (lin: 0.6000) | test acc 0.130 (lin: 0.0777)
device cuda:0 | epoch  1440001 | loss 0.5664 (lin: 0.4693) | train acc 0.500 (lin: 0.5000) | test acc 0.124 (lin: 0.0940)
device cuda:1 | epoch  1440001 | loss 0.5355 (lin: 0.4549) | train acc 0.600 (lin: 0.3000) | test acc 0.100 (lin: 0.0467)
device cuda:4 | epoch  1440001 | loss 0.5699 (lin: 0.5613) | train acc 0.700 (lin: 0.5000) | test acc 0.103 (lin: 0.0478)
device cuda:2 | epoch  1560001 | loss 0.6780 (lin: 0.6184) | train acc 0.700 (lin: 0.3000) | test acc 0.082 (lin: 0.0940)
device cuda:3 | epoch  1560001 | loss 0.6543 (lin: 0.4863) | train acc 0.500 (lin: 0.4000) | test acc 0.114 (lin: 0.0737)
device cuda:0 | epoch  1560001 | loss 0.6050 (lin: 0.6922) | train acc 0.700 (lin: 0.4000) | test acc 0.118 (lin: 0.0917)
device cuda:1 | epoch  1560001 | loss 0.5121 (lin: 0.6669) | train acc 0.800 (lin: 0.1000) | test acc 0.092 (lin: 0.0456)
device cuda:4 | epoch  1560001 | loss 0.6020 (lin: 0.6155) | train acc 0.500 (lin: 0.3000) | test acc 0.094 (lin: 0.0495)
device cuda:2 | epoch  1680001 | loss 0.5533 (lin: 0.4857) | train acc 0.300 (lin: 0.5000) | test acc 0.067 (lin: 0.0929)
device cuda:3 | epoch  1680001 | loss 0.7043 (lin: 0.5298) | train acc 0.600 (lin: 0.5000) | test acc 0.110 (lin: 0.0703)
device cuda:0 | epoch  1680001 | loss 0.5960 (lin: 0.4499) | train acc 0.700 (lin: 0.7000) | test acc 0.104 (lin: 0.0968)
device cuda:1 | epoch  1680001 | loss 0.5259 (lin: 0.4869) | train acc 0.500 (lin: 0.7000) | test acc 0.103 (lin: 0.0473)
device cuda:4 | epoch  1680001 | loss 0.7021 (lin: 0.6551) | train acc 0.300 (lin: 0.4000) | test acc 0.080 (lin: 0.0422)
device cuda:2 | epoch  1800001 | loss 0.5897 (lin: 0.4428) | train acc 0.100 (lin: 0.3000) | test acc 0.069 (lin: 0.0968)
device cuda:3 | epoch  1800001 | loss 0.4303 (lin: 0.5837) | train acc 0.500 (lin: 0.5000) | test acc 0.095 (lin: 0.0703)
device cuda:0 | epoch  1800001 | loss 0.3846 (lin: 0.4695) | train acc 0.800 (lin: 0.5000) | test acc 0.116 (lin: 0.1035)
device cuda:1 | epoch  1800001 | loss 0.4967 (lin: 0.5262) | train acc 0.500 (lin: 0.3000) | test acc 0.090 (lin: 0.0450)
device cuda:4 | epoch  1800001 | loss 0.6176 (lin: 0.4745) | train acc 0.400 (lin: 0.5000) | test acc 0.093 (lin: 0.0450)
device cuda:2 | epoch  1920001 | loss 0.5941 (lin: 0.5580) | train acc 0.200 (lin: 0.6000) | test acc 0.073 (lin: 0.0912)
device cuda:3 | epoch  1920001 | loss 0.5269 (lin: 0.6772) | train acc 0.400 (lin: 0.5000) | test acc 0.103 (lin: 0.0675)
device cuda:0 | epoch  1920001 | loss 0.5657 (lin: 0.4866) | train acc 0.400 (lin: 0.4000) | test acc 0.111 (lin: 0.1052)
device cuda:1 | epoch  1920001 | loss 0.4455 (lin: 0.4770) | train acc 0.400 (lin: 0.5000) | test acc 0.107 (lin: 0.0433)
device cuda:4 | epoch  1920001 | loss 0.5776 (lin: 0.3660) | train acc 0.500 (lin: 0.4000) | test acc 0.093 (lin: 0.0490)
training starts for cuda:3...
training starts for cuda:1...
training starts for cuda:0...
training starts for cuda:4...
training starts for cuda:2...
device cuda:3 | epoch        1 | loss 0.1045 (lin: 0.0919) | train acc 1.000 (lin: 0.9000) | test acc 0.086 (lin: 0.0692)
device cuda:4 | epoch        1 | loss 0.0770 (lin: 0.1061) | train acc 1.000 (lin: 1.0000) | test acc 0.099 (lin: 0.0416)
device cuda:0 | epoch        1 | loss 0.1117 (lin: 0.1103) | train acc 0.900 (lin: 0.8000) | test acc 0.111 (lin: 0.0962)
device cuda:1 | epoch        1 | loss 0.0983 (lin: 0.0743) | train acc 1.000 (lin: 1.0000) | test acc 0.093 (lin: 0.0461)
device cuda:2 | epoch        1 | loss 0.1189 (lin: 0.1065) | train acc 0.800 (lin: 1.0000) | test acc 0.138 (lin: 0.0872)
device cuda:3 | epoch   120001 | loss 0.1115 (lin: 0.0933) | train acc 1.000 (lin: 0.9000) | test acc 0.107 (lin: 0.0703)
device cuda:0 | epoch   120001 | loss 0.0931 (lin: 0.1066) | train acc 0.900 (lin: 1.0000) | test acc 0.106 (lin: 0.1047)
device cuda:4 | epoch   120001 | loss 0.1213 (lin: 0.1007) | train acc 0.900 (lin: 0.8000) | test acc 0.087 (lin: 0.0445)
device cuda:1 | epoch   120001 | loss 0.0904 (lin: 0.0969) | train acc 1.000 (lin: 1.0000) | test acc 0.125 (lin: 0.0523)
device cuda:2 | epoch   120001 | loss 0.1197 (lin: 0.1017) | train acc 1.000 (lin: 1.0000) | test acc 0.142 (lin: 0.0855)
device cuda:3 | epoch   240001 | loss 0.1086 (lin: 0.0732) | train acc 0.900 (lin: 1.0000) | test acc 0.129 (lin: 0.0602)
device cuda:0 | epoch   240001 | loss 0.0980 (lin: 0.0850) | train acc 0.900 (lin: 0.9000) | test acc 0.108 (lin: 0.1080)
device cuda:4 | epoch   240001 | loss 0.1058 (lin: 0.0829) | train acc 1.000 (lin: 0.8000) | test acc 0.091 (lin: 0.0405)
device cuda:2 | epoch   240001 | loss 0.0955 (lin: 0.1065) | train acc 1.000 (lin: 0.9000) | test acc 0.150 (lin: 0.0765)
device cuda:1 | epoch   240001 | loss 0.1428 (lin: 0.1118) | train acc 0.700 (lin: 0.9000) | test acc 0.115 (lin: 0.0467)
device cuda:3 | epoch   360001 | loss 0.0877 (lin: 0.1169) | train acc 1.000 (lin: 0.9000) | test acc 0.113 (lin: 0.0658)
device cuda:0 | epoch   360001 | loss 0.1064 (lin: 0.0908) | train acc 0.900 (lin: 0.9000) | test acc 0.105 (lin: 0.1114)
device cuda:4 | epoch   360001 | loss 0.1018 (lin: 0.1075) | train acc 0.900 (lin: 0.9000) | test acc 0.093 (lin: 0.0422)
device cuda:2 | epoch   360001 | loss 0.0842 (lin: 0.0790) | train acc 1.000 (lin: 1.0000) | test acc 0.126 (lin: 0.0810)
device cuda:1 | epoch   360001 | loss 0.0833 (lin: 0.1177) | train acc 1.000 (lin: 0.9000) | test acc 0.110 (lin: 0.0461)
device cuda:3 | epoch   480001 | loss 0.1105 (lin: 0.1030) | train acc 0.900 (lin: 0.9000) | test acc 0.107 (lin: 0.0658)
device cuda:0 | epoch   480001 | loss 0.0708 (lin: 0.0759) | train acc 1.000 (lin: 1.0000) | test acc 0.100 (lin: 0.1092)
device cuda:4 | epoch   480001 | loss 0.0874 (lin: 0.1072) | train acc 0.900 (lin: 0.8000) | test acc 0.083 (lin: 0.0439)
device cuda:2 | epoch   480001 | loss 0.1064 (lin: 0.0899) | train acc 0.900 (lin: 1.0000) | test acc 0.124 (lin: 0.0844)
device cuda:1 | epoch   480001 | loss 0.1001 (lin: 0.0849) | train acc 1.000 (lin: 1.0000) | test acc 0.095 (lin: 0.0416)
device cuda:3 | epoch   600001 | loss 0.0775 (lin: 0.0932) | train acc 1.000 (lin: 1.0000) | test acc 0.104 (lin: 0.0709)
device cuda:0 | epoch   600001 | loss 0.1246 (lin: 0.1176) | train acc 0.800 (lin: 0.9000) | test acc 0.101 (lin: 0.1114)
device cuda:4 | epoch   600001 | loss 0.0984 (lin: 0.0914) | train acc 1.000 (lin: 0.9000) | test acc 0.088 (lin: 0.0400)
device cuda:2 | epoch   600001 | loss 0.0955 (lin: 0.1174) | train acc 0.900 (lin: 0.9000) | test acc 0.129 (lin: 0.0850)
device cuda:1 | epoch   600001 | loss 0.1346 (lin: 0.0722) | train acc 0.900 (lin: 1.0000) | test acc 0.087 (lin: 0.0422)
device cuda:3 | epoch   720001 | loss 0.0959 (lin: 0.0795) | train acc 0.900 (lin: 1.0000) | test acc 0.107 (lin: 0.0743)
device cuda:0 | epoch   720001 | loss 0.0870 (lin: 0.1047) | train acc 1.000 (lin: 0.9000) | test acc 0.106 (lin: 0.1159)
device cuda:4 | epoch   720001 | loss 0.1002 (lin: 0.1030) | train acc 1.000 (lin: 1.0000) | test acc 0.077 (lin: 0.0461)
device cuda:2 | epoch   720001 | loss 0.0871 (lin: 0.1031) | train acc 0.900 (lin: 0.9000) | test acc 0.132 (lin: 0.0833)
device cuda:1 | epoch   720001 | loss 0.1157 (lin: 0.0857) | train acc 0.900 (lin: 0.8000) | test acc 0.091 (lin: 0.0450)
device cuda:3 | epoch   840001 | loss 0.1184 (lin: 0.0968) | train acc 1.000 (lin: 1.0000) | test acc 0.094 (lin: 0.0771)
device cuda:0 | epoch   840001 | loss 0.1106 (lin: 0.1175) | train acc 0.900 (lin: 0.9000) | test acc 0.106 (lin: 0.1047)
device cuda:4 | epoch   840001 | loss 0.1102 (lin: 0.1104) | train acc 1.000 (lin: 1.0000) | test acc 0.081 (lin: 0.0433)
device cuda:2 | epoch   840001 | loss 0.0975 (lin: 0.0897) | train acc 1.000 (lin: 1.0000) | test acc 0.138 (lin: 0.0855)
device cuda:1 | epoch   840001 | loss 0.0844 (lin: 0.1019) | train acc 0.900 (lin: 1.0000) | test acc 0.103 (lin: 0.0478)
device cuda:3 | epoch   960001 | loss 0.0982 (lin: 0.0969) | train acc 0.900 (lin: 0.9000) | test acc 0.102 (lin: 0.0799)
device cuda:0 | epoch   960001 | loss 0.1050 (lin: 0.1073) | train acc 0.900 (lin: 1.0000) | test acc 0.099 (lin: 0.1007)
device cuda:4 | epoch   960001 | loss 0.0990 (lin: 0.1001) | train acc 0.900 (lin: 0.7000) | test acc 0.088 (lin: 0.0439)
device cuda:2 | epoch   960001 | loss 0.1268 (lin: 0.1151) | train acc 0.900 (lin: 0.8000) | test acc 0.131 (lin: 0.0912)
device cuda:1 | epoch   960001 | loss 0.0965 (lin: 0.0890) | train acc 0.900 (lin: 1.0000) | test acc 0.098 (lin: 0.0450)
device cuda:3 | epoch  1080001 | loss 0.1045 (lin: 0.1003) | train acc 0.900 (lin: 1.0000) | test acc 0.097 (lin: 0.0777)
device cuda:0 | epoch  1080001 | loss 0.0981 (lin: 0.0935) | train acc 0.900 (lin: 1.0000) | test acc 0.110 (lin: 0.0929)
device cuda:4 | epoch  1080001 | loss 0.0800 (lin: 0.0912) | train acc 1.000 (lin: 0.9000) | test acc 0.108 (lin: 0.0450)
device cuda:2 | epoch  1080001 | loss 0.0959 (lin: 0.0816) | train acc 0.900 (lin: 1.0000) | test acc 0.121 (lin: 0.0929)
device cuda:1 | epoch  1080001 | loss 0.0970 (lin: 0.0814) | train acc 1.000 (lin: 1.0000) | test acc 0.104 (lin: 0.0478)
device cuda:3 | epoch  1200001 | loss 0.0919 (lin: 0.1187) | train acc 1.000 (lin: 0.9000) | test acc 0.082 (lin: 0.0799)
device cuda:0 | epoch  1200001 | loss 0.1036 (lin: 0.0839) | train acc 0.900 (lin: 1.0000) | test acc 0.110 (lin: 0.0951)
device cuda:4 | epoch  1200001 | loss 0.0882 (lin: 0.1007) | train acc 0.900 (lin: 1.0000) | test acc 0.107 (lin: 0.0439)
device cuda:2 | epoch  1200001 | loss 0.1007 (lin: 0.0888) | train acc 1.000 (lin: 0.9000) | test acc 0.106 (lin: 0.0940)
device cuda:1 | epoch  1200001 | loss 0.1121 (lin: 0.0978) | train acc 1.000 (lin: 0.9000) | test acc 0.097 (lin: 0.0445)
device cuda:3 | epoch  1320001 | loss 0.1370 (lin: 0.1014) | train acc 0.800 (lin: 0.9000) | test acc 0.079 (lin: 0.0782)
device cuda:0 | epoch  1320001 | loss 0.0964 (lin: 0.1123) | train acc 0.900 (lin: 0.8000) | test acc 0.114 (lin: 0.0940)
device cuda:4 | epoch  1320001 | loss 0.1158 (lin: 0.1114) | train acc 0.900 (lin: 1.0000) | test acc 0.097 (lin: 0.0484)
device cuda:2 | epoch  1320001 | loss 0.1306 (lin: 0.0846) | train acc 0.700 (lin: 0.9000) | test acc 0.101 (lin: 0.1002)
device cuda:1 | epoch  1320001 | loss 0.0937 (lin: 0.0736) | train acc 0.900 (lin: 0.9000) | test acc 0.103 (lin: 0.0523)
device cuda:3 | epoch  1440001 | loss 0.1181 (lin: 0.0983) | train acc 0.900 (lin: 0.9000) | test acc 0.103 (lin: 0.0782)
device cuda:0 | epoch  1440001 | loss 0.0993 (lin: 0.0939) | train acc 1.000 (lin: 1.0000) | test acc 0.115 (lin: 0.0934)
device cuda:4 | epoch  1440001 | loss 0.0997 (lin: 0.1123) | train acc 0.900 (lin: 0.9000) | test acc 0.088 (lin: 0.0467)
device cuda:2 | epoch  1440001 | loss 0.1251 (lin: 0.0943) | train acc 1.000 (lin: 1.0000) | test acc 0.120 (lin: 0.0974)
device cuda:1 | epoch  1440001 | loss 0.0988 (lin: 0.0910) | train acc 0.900 (lin: 1.0000) | test acc 0.089 (lin: 0.0467)
device cuda:3 | epoch  1560001 | loss 0.1355 (lin: 0.0973) | train acc 0.900 (lin: 1.0000) | test acc 0.100 (lin: 0.0737)
device cuda:0 | epoch  1560001 | loss 0.1286 (lin: 0.1384) | train acc 0.900 (lin: 0.9000) | test acc 0.109 (lin: 0.0917)
device cuda:4 | epoch  1560001 | loss 0.1040 (lin: 0.1231) | train acc 1.000 (lin: 0.9000) | test acc 0.081 (lin: 0.0495)
device cuda:2 | epoch  1560001 | loss 0.1156 (lin: 0.1237) | train acc 1.000 (lin: 0.9000) | test acc 0.110 (lin: 0.0940)
device cuda:1 | epoch  1560001 | loss 0.1099 (lin: 0.1334) | train acc 0.900 (lin: 0.7000) | test acc 0.079 (lin: 0.0461)
device cuda:3 | epoch  1680001 | loss 0.1135 (lin: 0.1060) | train acc 1.000 (lin: 0.9000) | test acc 0.083 (lin: 0.0703)
device cuda:0 | epoch  1680001 | loss 0.1239 (lin: 0.0900) | train acc 0.900 (lin: 1.0000) | test acc 0.109 (lin: 0.0968)
device cuda:4 | epoch  1680001 | loss 0.1033 (lin: 0.1310) | train acc 0.900 (lin: 0.8000) | test acc 0.093 (lin: 0.0428)
device cuda:2 | epoch  1680001 | loss 0.1076 (lin: 0.0971) | train acc 1.000 (lin: 0.9000) | test acc 0.095 (lin: 0.0934)
device cuda:1 | epoch  1680001 | loss 0.1377 (lin: 0.0974) | train acc 0.900 (lin: 0.8000) | test acc 0.088 (lin: 0.0473)
device cuda:3 | epoch  1800001 | loss 0.0942 (lin: 0.1167) | train acc 0.900 (lin: 0.7000) | test acc 0.078 (lin: 0.0698)
device cuda:0 | epoch  1800001 | loss 0.0987 (lin: 0.0939) | train acc 1.000 (lin: 0.8000) | test acc 0.104 (lin: 0.1035)
device cuda:4 | epoch  1800001 | loss 0.1081 (lin: 0.0949) | train acc 0.900 (lin: 0.9000) | test acc 0.095 (lin: 0.0450)
device cuda:2 | epoch  1800001 | loss 0.1156 (lin: 0.0886) | train acc 0.700 (lin: 1.0000) | test acc 0.085 (lin: 0.0974)
device cuda:1 | epoch  1800001 | loss 0.1071 (lin: 0.1052) | train acc 0.900 (lin: 0.7000) | test acc 0.071 (lin: 0.0450)
device cuda:3 | epoch  1920001 | loss 0.1004 (lin: 0.1354) | train acc 0.900 (lin: 0.9000) | test acc 0.077 (lin: 0.0681)
device cuda:0 | epoch  1920001 | loss 0.1348 (lin: 0.0973) | train acc 0.800 (lin: 0.9000) | test acc 0.101 (lin: 0.1069)
device cuda:4 | epoch  1920001 | loss 0.1000 (lin: 0.0732) | train acc 0.900 (lin: 1.0000) | test acc 0.102 (lin: 0.0490)
device cuda:2 | epoch  1920001 | loss 0.0815 (lin: 0.1116) | train acc 0.800 (lin: 0.8000) | test acc 0.082 (lin: 0.0912)
device cuda:1 | epoch  1920001 | loss 0.1035 (lin: 0.0954) | train acc 0.800 (lin: 0.8000) | test acc 0.089 (lin: 0.0433)
training starts for cuda:0...
training starts for cuda:2...
training starts for cuda:4...
training starts for cuda:3...
training starts for cuda:1...
device cuda:0 | epoch        1 | loss 0.0500 (lin: 0.0552) | train acc 1.000 (lin: 1.0000) | test acc 0.097 (lin: 0.0962)
device cuda:1 | epoch        1 | loss 0.0500 (lin: 0.0372) | train acc 1.000 (lin: 1.0000) | test acc 0.093 (lin: 0.0467)
device cuda:2 | epoch        1 | loss 0.0593 (lin: 0.0533) | train acc 1.000 (lin: 1.0000) | test acc 0.119 (lin: 0.0884)
device cuda:3 | epoch        1 | loss 0.0560 (lin: 0.0459) | train acc 1.000 (lin: 0.9000) | test acc 0.075 (lin: 0.0698)
device cuda:4 | epoch        1 | loss 0.0365 (lin: 0.0530) | train acc 1.000 (lin: 1.0000) | test acc 0.090 (lin: 0.0416)
device cuda:0 | epoch   120001 | loss 0.0506 (lin: 0.0533) | train acc 1.000 (lin: 1.0000) | test acc 0.103 (lin: 0.1047)
device cuda:3 | epoch   120001 | loss 0.0497 (lin: 0.0466) | train acc 1.000 (lin: 1.0000) | test acc 0.091 (lin: 0.0709)
device cuda:1 | epoch   120001 | loss 0.0425 (lin: 0.0484) | train acc 1.000 (lin: 1.0000) | test acc 0.118 (lin: 0.0523)
device cuda:2 | epoch   120001 | loss 0.0562 (lin: 0.0508) | train acc 1.000 (lin: 1.0000) | test acc 0.128 (lin: 0.0855)
device cuda:4 | epoch   120001 | loss 0.0549 (lin: 0.0503) | train acc 1.000 (lin: 1.0000) | test acc 0.083 (lin: 0.0445)
device cuda:3 | epoch   240001 | loss 0.0541 (lin: 0.0366) | train acc 0.900 (lin: 1.0000) | test acc 0.112 (lin: 0.0602)
device cuda:0 | epoch   240001 | loss 0.0570 (lin: 0.0425) | train acc 1.000 (lin: 1.0000) | test acc 0.105 (lin: 0.1080)
device cuda:1 | epoch   240001 | loss 0.0665 (lin: 0.0559) | train acc 0.900 (lin: 1.0000) | test acc 0.113 (lin: 0.0467)
device cuda:2 | epoch   240001 | loss 0.0548 (lin: 0.0533) | train acc 1.000 (lin: 1.0000) | test acc 0.128 (lin: 0.0765)
device cuda:4 | epoch   240001 | loss 0.0493 (lin: 0.0415) | train acc 1.000 (lin: 1.0000) | test acc 0.082 (lin: 0.0405)
device cuda:3 | epoch   360001 | loss 0.0466 (lin: 0.0585) | train acc 1.000 (lin: 1.0000) | test acc 0.118 (lin: 0.0658)
device cuda:1 | epoch   360001 | loss 0.0483 (lin: 0.0588) | train acc 1.000 (lin: 1.0000) | test acc 0.113 (lin: 0.0467)
device cuda:0 | epoch   360001 | loss 0.0544 (lin: 0.0454) | train acc 1.000 (lin: 1.0000) | test acc 0.106 (lin: 0.1125)
device cuda:2 | epoch   360001 | loss 0.0471 (lin: 0.0395) | train acc 1.000 (lin: 1.0000) | test acc 0.122 (lin: 0.0810)
device cuda:4 | epoch   360001 | loss 0.0540 (lin: 0.0538) | train acc 1.000 (lin: 1.0000) | test acc 0.086 (lin: 0.0422)
device cuda:3 | epoch   480001 | loss 0.0525 (lin: 0.0515) | train acc 1.000 (lin: 1.0000) | test acc 0.109 (lin: 0.0658)
device cuda:1 | epoch   480001 | loss 0.0519 (lin: 0.0424) | train acc 1.000 (lin: 1.0000) | test acc 0.096 (lin: 0.0416)
device cuda:0 | epoch   480001 | loss 0.0341 (lin: 0.0379) | train acc 1.000 (lin: 1.0000) | test acc 0.101 (lin: 0.1092)
device cuda:2 | epoch   480001 | loss 0.0501 (lin: 0.0450) | train acc 1.000 (lin: 1.0000) | test acc 0.122 (lin: 0.0844)
device cuda:4 | epoch   480001 | loss 0.0462 (lin: 0.0536) | train acc 1.000 (lin: 1.0000) | test acc 0.083 (lin: 0.0439)
device cuda:3 | epoch   600001 | loss 0.0413 (lin: 0.0466) | train acc 1.000 (lin: 1.0000) | test acc 0.105 (lin: 0.0715)
device cuda:1 | epoch   600001 | loss 0.0575 (lin: 0.0361) | train acc 0.900 (lin: 1.0000) | test acc 0.079 (lin: 0.0422)
device cuda:0 | epoch   600001 | loss 0.0623 (lin: 0.0588) | train acc 1.000 (lin: 1.0000) | test acc 0.105 (lin: 0.1120)
device cuda:2 | epoch   600001 | loss 0.0475 (lin: 0.0587) | train acc 1.000 (lin: 1.0000) | test acc 0.129 (lin: 0.0855)
device cuda:4 | epoch   600001 | loss 0.0493 (lin: 0.0457) | train acc 1.000 (lin: 1.0000) | test acc 0.081 (lin: 0.0400)
device cuda:3 | epoch   720001 | loss 0.0413 (lin: 0.0398) | train acc 1.000 (lin: 1.0000) | test acc 0.107 (lin: 0.0743)
device cuda:1 | epoch   720001 | loss 0.0564 (lin: 0.0429) | train acc 1.000 (lin: 1.0000) | test acc 0.083 (lin: 0.0450)
device cuda:0 | epoch   720001 | loss 0.0427 (lin: 0.0524) | train acc 1.000 (lin: 1.0000) | test acc 0.109 (lin: 0.1159)
device cuda:2 | epoch   720001 | loss 0.0425 (lin: 0.0516) | train acc 1.000 (lin: 1.0000) | test acc 0.134 (lin: 0.0838)
device cuda:4 | epoch   720001 | loss 0.0496 (lin: 0.0515) | train acc 1.000 (lin: 1.0000) | test acc 0.078 (lin: 0.0467)
device cuda:3 | epoch   840001 | loss 0.0563 (lin: 0.0484) | train acc 1.000 (lin: 1.0000) | test acc 0.095 (lin: 0.0771)
device cuda:1 | epoch   840001 | loss 0.0380 (lin: 0.0509) | train acc 1.000 (lin: 1.0000) | test acc 0.098 (lin: 0.0478)
device cuda:0 | epoch   840001 | loss 0.0553 (lin: 0.0588) | train acc 1.000 (lin: 1.0000) | test acc 0.109 (lin: 0.1047)
device cuda:2 | epoch   840001 | loss 0.0500 (lin: 0.0449) | train acc 1.000 (lin: 1.0000) | test acc 0.142 (lin: 0.0855)
device cuda:4 | epoch   840001 | loss 0.0554 (lin: 0.0552) | train acc 1.000 (lin: 1.0000) | test acc 0.082 (lin: 0.0433)
device cuda:3 | epoch   960001 | loss 0.0455 (lin: 0.0485) | train acc 1.000 (lin: 1.0000) | test acc 0.098 (lin: 0.0799)
device cuda:1 | epoch   960001 | loss 0.0566 (lin: 0.0445) | train acc 1.000 (lin: 1.0000) | test acc 0.084 (lin: 0.0450)
device cuda:0 | epoch   960001 | loss 0.0494 (lin: 0.0536) | train acc 1.000 (lin: 1.0000) | test acc 0.095 (lin: 0.1007)
device cuda:2 | epoch   960001 | loss 0.0583 (lin: 0.0576) | train acc 1.000 (lin: 1.0000) | test acc 0.141 (lin: 0.0912)
device cuda:4 | epoch   960001 | loss 0.0447 (lin: 0.0501) | train acc 1.000 (lin: 0.9000) | test acc 0.088 (lin: 0.0439)
device cuda:3 | epoch  1080001 | loss 0.0480 (lin: 0.0501) | train acc 0.900 (lin: 1.0000) | test acc 0.093 (lin: 0.0777)
device cuda:1 | epoch  1080001 | loss 0.0522 (lin: 0.0407) | train acc 1.000 (lin: 1.0000) | test acc 0.089 (lin: 0.0484)
device cuda:0 | epoch  1080001 | loss 0.0476 (lin: 0.0467) | train acc 1.000 (lin: 1.0000) | test acc 0.101 (lin: 0.0934)
device cuda:2 | epoch  1080001 | loss 0.0481 (lin: 0.0408) | train acc 1.000 (lin: 1.0000) | test acc 0.142 (lin: 0.0929)
device cuda:4 | epoch  1080001 | loss 0.0398 (lin: 0.0456) | train acc 1.000 (lin: 1.0000) | test acc 0.100 (lin: 0.0456)
device cuda:3 | epoch  1200001 | loss 0.0474 (lin: 0.0593) | train acc 1.000 (lin: 1.0000) | test acc 0.085 (lin: 0.0810)
device cuda:1 | epoch  1200001 | loss 0.0677 (lin: 0.0489) | train acc 1.000 (lin: 1.0000) | test acc 0.090 (lin: 0.0445)
device cuda:0 | epoch  1200001 | loss 0.0513 (lin: 0.0419) | train acc 1.000 (lin: 1.0000) | test acc 0.110 (lin: 0.0951)
device cuda:2 | epoch  1200001 | loss 0.0516 (lin: 0.0444) | train acc 1.000 (lin: 1.0000) | test acc 0.126 (lin: 0.0940)
device cuda:4 | epoch  1200001 | loss 0.0441 (lin: 0.0504) | train acc 0.900 (lin: 1.0000) | test acc 0.107 (lin: 0.0439)
device cuda:3 | epoch  1320001 | loss 0.0667 (lin: 0.0507) | train acc 1.000 (lin: 1.0000) | test acc 0.075 (lin: 0.0788)
device cuda:1 | epoch  1320001 | loss 0.0450 (lin: 0.0368) | train acc 1.000 (lin: 1.0000) | test acc 0.096 (lin: 0.0523)
device cuda:0 | epoch  1320001 | loss 0.0500 (lin: 0.0562) | train acc 1.000 (lin: 1.0000) | test acc 0.111 (lin: 0.0940)
device cuda:2 | epoch  1320001 | loss 0.0515 (lin: 0.0423) | train acc 0.900 (lin: 1.0000) | test acc 0.116 (lin: 0.1002)
device cuda:4 | epoch  1320001 | loss 0.0502 (lin: 0.0557) | train acc 1.000 (lin: 1.0000) | test acc 0.090 (lin: 0.0484)
device cuda:3 | epoch  1440001 | loss 0.0533 (lin: 0.0491) | train acc 1.000 (lin: 1.0000) | test acc 0.089 (lin: 0.0788)
device cuda:1 | epoch  1440001 | loss 0.0467 (lin: 0.0455) | train acc 1.000 (lin: 1.0000) | test acc 0.088 (lin: 0.0467)
device cuda:0 | epoch  1440001 | loss 0.0489 (lin: 0.0469) | train acc 1.000 (lin: 1.0000) | test acc 0.115 (lin: 0.0934)
device cuda:2 | epoch  1440001 | loss 0.0536 (lin: 0.0471) | train acc 1.000 (lin: 1.0000) | test acc 0.131 (lin: 0.0974)
device cuda:4 | epoch  1440001 | loss 0.0482 (lin: 0.0561) | train acc 1.000 (lin: 1.0000) | test acc 0.084 (lin: 0.0467)
device cuda:3 | epoch  1560001 | loss 0.0634 (lin: 0.0486) | train acc 0.900 (lin: 1.0000) | test acc 0.088 (lin: 0.0737)
device cuda:1 | epoch  1560001 | loss 0.0473 (lin: 0.0667) | train acc 1.000 (lin: 1.0000) | test acc 0.078 (lin: 0.0467)
device cuda:2 | epoch  1560001 | loss 0.0534 (lin: 0.0618) | train acc 1.000 (lin: 1.0000) | test acc 0.119 (lin: 0.0940)
device cuda:0 | epoch  1560001 | loss 0.0562 (lin: 0.0692) | train acc 1.000 (lin: 1.0000) | test acc 0.111 (lin: 0.0912)
device cuda:4 | epoch  1560001 | loss 0.0476 (lin: 0.0616) | train acc 1.000 (lin: 1.0000) | test acc 0.086 (lin: 0.0495)
device cuda:3 | epoch  1680001 | loss 0.0485 (lin: 0.0530) | train acc 1.000 (lin: 1.0000) | test acc 0.077 (lin: 0.0703)
device cuda:1 | epoch  1680001 | loss 0.0628 (lin: 0.0487) | train acc 1.000 (lin: 1.0000) | test acc 0.086 (lin: 0.0473)
device cuda:2 | epoch  1680001 | loss 0.0464 (lin: 0.0486) | train acc 1.000 (lin: 1.0000) | test acc 0.102 (lin: 0.0945)
device cuda:0 | epoch  1680001 | loss 0.0578 (lin: 0.0450) | train acc 1.000 (lin: 1.0000) | test acc 0.104 (lin: 0.0968)
device cuda:4 | epoch  1680001 | loss 0.0493 (lin: 0.0655) | train acc 1.000 (lin: 0.9000) | test acc 0.087 (lin: 0.0428)
device cuda:3 | epoch  1800001 | loss 0.0485 (lin: 0.0584) | train acc 1.000 (lin: 1.0000) | test acc 0.077 (lin: 0.0698)
device cuda:1 | epoch  1800001 | loss 0.0572 (lin: 0.0526) | train acc 0.900 (lin: 1.0000) | test acc 0.083 (lin: 0.0450)
device cuda:2 | epoch  1800001 | loss 0.0670 (lin: 0.0443) | train acc 0.900 (lin: 1.0000) | test acc 0.099 (lin: 0.0985)
device cuda:0 | epoch  1800001 | loss 0.0476 (lin: 0.0469) | train acc 1.000 (lin: 1.0000) | test acc 0.101 (lin: 0.1047)
device cuda:4 | epoch  1800001 | loss 0.0495 (lin: 0.0475) | train acc 1.000 (lin: 1.0000) | test acc 0.098 (lin: 0.0450)
device cuda:3 | epoch  1920001 | loss 0.0565 (lin: 0.0677) | train acc 1.000 (lin: 1.0000) | test acc 0.068 (lin: 0.0681)
device cuda:1 | epoch  1920001 | loss 0.0541 (lin: 0.0477) | train acc 1.000 (lin: 0.9000) | test acc 0.090 (lin: 0.0433)
device cuda:2 | epoch  1920001 | loss 0.0457 (lin: 0.0558) | train acc 1.000 (lin: 0.9000) | test acc 0.094 (lin: 0.0917)
device cuda:0 | epoch  1920001 | loss 0.0660 (lin: 0.0487) | train acc 1.000 (lin: 1.0000) | test acc 0.104 (lin: 0.1069)
device cuda:4 | epoch  1920001 | loss 0.0536 (lin: 0.0366) | train acc 1.000 (lin: 1.0000) | test acc 0.100 (lin: 0.0490)
Saved checkpoint: /home/ofirg/cld_checkpoints/expr1/exp1_digits_20260127_220538.pt
